build 3/image_picker_android/outputs/logs/manifest-merger-debug-report.txt
-- Merging decision tree log ---
manifest
ADDED from src/main/AndroidManifest.xml:1:1-15:12
INJECTED from src/main/AndroidManifest.xml:1:1-15:12
INJECTED from src/main/AndroidManifest.xml:1:1-15:12
	package
		ADDED from src/main/AndroidManifest.xml:2:5-45
		INJECTED from src/main/AndroidManifest.xml
		INJECTED from src/main/AndroidManifest.xml
	xmlns:android
		ADDED from src/main/AndroidManifest.xml:1:11-69
application
ADDED from src/main/AndroidManifest.xml:4:5-14:19
provider#io.flutter.plugins.imagepicker.ImagePickerFileProvider
ADDED from src/main/AndroidManifest.xml:5:9-13:20
	android:grantUriPermissions
		ADDED from src/main/AndroidManifest.xml:9:13-47
	android:authorities
		ADDED from src/main/AndroidManifest.xml:7:13-74
	android:exported
		ADDED from src/main/AndroidManifest.xml:8:13-37
	android:name
		ADDED from src/main/AndroidManifest.xml:6:13-82
meta-data#android.support.FILE_PROVIDER_PATHS
ADDED from src/main/AndroidManifest.xml:10:13-12:75
	android:resource
		ADDED from src/main/AndroidManifest.xml:12:17-72
	android:name
		ADDED from src/main/AndroidManifest.xml:11:17-67
uses-sdk
INJECTED from src/main/AndroidManifest.xml reason: use-sdk injection requested
INJECTED from src/main/AndroidManifest.xml
INJECTED from src/main/AndroidManifest.xml
INJECTED from src/main/AndroidManifest.xml
INJECTED from src/main/AndroidManifest.xml
	android:targetSdkVersion
		INJECTED from src/main/AndroidManifest.xml
		ADDED from src/main/AndroidManifest.xml
		INJECTED from src/main/AndroidManifest.xml
	android:minSdkVersion
		INJECTED from src/main/AndroidManifest.xml
		ADDED from src/main/AndroidManifest.xml
		INJECTED from src/main/AndroidManifest.xml